[BACONA-05][2025-04-07][12:28:28] Checking all repositories...
[BACONA-05][2025-04-07][12:28:28] Checking AHK.Standard.Lib...
[BACONA-05][2025-04-07][12:28:28] Checking AHK.User.Lib...
[BACONA-05][2025-04-07][12:28:29] Checking Personal...
[BACONA-05][2025-04-07][12:28:30] Checking AHK.ObjectTypeExtensions...
[BACONA-05][2025-04-07][12:28:30] Checking AHK.Projects.v2...
[BACONA-05][2025-04-07][12:28:32] Checking AHK.ExplorerClassicContextMenu...
[BACONA-05][2025-04-07][12:28:32] Repository check complete.
[BACONA-05][2025-04-07][12:29:20] Pushing AHK.Projects.v2 to remote...
[BACONA-05][2025-04-07][12:29:21] Error: (2) The system cannot find the file specified.
[BACONA-05][2025-04-07][12:33:20] Checking all repositories...
[BACONA-05][2025-04-07][12:33:20] Checking AHK.Standard.Lib...
[BACONA-05][2025-04-07][12:33:20] Checking AHK.User.Lib...
[BACONA-05][2025-04-07][12:33:21] Checking Personal...
[BACONA-05][2025-04-07][12:33:22] Checking AHK.ObjectTypeExtensions...
[BACONA-05][2025-04-07][12:33:23] Checking AHK.Projects.v2...
[BACONA-05][2025-04-07][12:33:25] Checking AHK.ExplorerClassicContextMenu...
[BACONA-05][2025-04-07][12:33:26] Repository check complete.
[BACONA-05][2025-04-07][12:41:35] Checking all repositories...
[BACONA-05][2025-04-07][12:41:35] Checking AHK.Standard.Lib...
[BACONA-05][2025-04-07][12:41:36] Checking AHK.User.Lib...
[BACONA-05][2025-04-07][12:41:37] Checking Personal...
[BACONA-05][2025-04-07][12:41:37] Checking AHK.ObjectTypeExtensions...
[BACONA-05][2025-04-07][12:41:38] Checking AHK.Projects.v2...
[BACONA-05][2025-04-07][12:41:39] Checking AHK.ExplorerClassicContextMenu...
[BACONA-05][2025-04-07][12:41:40] Repository check complete.
[BACONA-05][2025-04-07][12:47:27] Checking all repositories...
[BACONA-05][2025-04-07][12:47:27] Checking AHK.Standard.Lib...
[BACONA-05][2025-04-07][12:47:29] Checking AHK.User.Lib...
[BACONA-05][2025-04-07][12:47:38] Checking Personal...
[BACONA-05][2025-04-07][12:47:39] Checking AHK.ObjectTypeExtensions...
[BACONA-05][2025-04-07][12:47:41] Checking AHK.Projects.v2...
[BACONA-05][2025-04-07][12:47:44] Checking AHK.ExplorerClassicContextMenu...
[BACONA-05][2025-04-07][12:47:45] Repository check complete.
[BACONA-05][2025-04-07][13:33:42] Checking all repositories...
[BACONA-05][2025-04-07][13:33:42] Checking AHK.Standard.Lib...
[BACONA-05][2025-04-07][13:33:44] Checking AHK.User.Lib...
[BACONA-05][2025-04-07][13:33:45] Checking Personal...
[BACONA-05][2025-04-07][13:33:46] Checking AHK.ObjectTypeExtensions...
[BACONA-05][2025-04-07][13:33:47] Checking AHK.Projects.v2...
[BACONA-05][2025-04-07][13:33:49] Checking AHK.ExplorerClassicContextMenu...
[BACONA-05][2025-04-07][13:33:50] Repository check complete.
[BACONA-05][2025-04-07][13:35:59] Checking all repositories...
[BACONA-05][2025-04-07][13:35:59] Checking AHK.Standard.Lib...
[BACONA-05][2025-04-07][13:36:00] Checking AHK.User.Lib...
[BACONA-05][2025-04-07][13:36:01] Checking Personal...
[BACONA-05][2025-04-07][13:36:01] Checking AHK.ObjectTypeExtensions...
[BACONA-05][2025-04-07][13:36:02] Checking AHK.Projects.v2...
[BACONA-05][2025-04-07][13:36:03] Checking AHK.ExplorerClassicContextMenu...
[BACONA-05][2025-04-07][13:36:04] Repository check complete.
[BACONA-05][2025-04-07][13:37:13] Checking all repositories...
[BACONA-05][2025-04-07][13:37:13] Checking AHK.Standard.Lib...
[BACONA-05][2025-04-07][13:37:14] Checking AHK.User.Lib...
[BACONA-05][2025-04-07][13:37:14] Checking Personal...
[BACONA-05][2025-04-07][13:37:15] Checking AHK.ObjectTypeExtensions...
[BACONA-05][2025-04-07][13:37:16] Checking AHK.Projects.v2...
[BACONA-05][2025-04-07][13:37:17] Checking AHK.ExplorerClassicContextMenu...
[BACONA-05][2025-04-07][13:37:18] Repository check complete.
[BACONA-05][2025-04-07][13:55:31] Checking all repositories...
[BACONA-05][2025-04-07][13:55:31] Checking AHK.Standard.Lib...
[BACONA-05][2025-04-07][13:55:32] Checking AHK.User.Lib...
[BACONA-05][2025-04-07][13:55:33] Checking Personal...
[BACONA-05][2025-04-07][13:55:33] Checking AHK.ObjectTypeExtensions...
[BACONA-05][2025-04-07][13:55:34] Checking AHK.Projects.v2...
[BACONA-05][2025-04-07][13:55:35] Checking AHK.ExplorerClassicContextMenu...
[BACONA-05][2025-04-07][13:55:36] Repository check complete.
[BACONA-05][2025-04-07][14:13:09] Checking all repositories...
[BACONA-05][2025-04-07][14:13:09] Checking AHK.Standard.Lib...
[BACONA-05][2025-04-07][14:13:10] Checking AHK.User.Lib...
[BACONA-05][2025-04-07][14:13:12] Checking Personal...
[BACONA-05][2025-04-07][14:13:14] Checking AHK.ObjectTypeExtensions...
[BACONA-05][2025-04-07][14:13:15] Checking AHK.Projects.v2...
[BACONA-05][2025-04-07][14:13:18] Checking AHK.ExplorerClassicContextMenu...
[BACONA-05][2025-04-07][14:13:19] Repository check complete.
[BACONA-05][2025-04-07][14:13:53] Checking all repositories...
[BACONA-05][2025-04-07][14:13:54] Checking AHK.Standard.Lib...
[BACONA-05][2025-04-07][14:13:55] Checking AHK.User.Lib...
[BACONA-05][2025-04-07][14:13:57] Checking Personal...
[BACONA-05][2025-04-07][14:13:58] Checking AHK.ObjectTypeExtensions...
[BACONA-05][2025-04-07][14:14:00] Checking AHK.Projects.v2...
[BACONA-05][2025-04-07][14:14:02] Checking AHK.ExplorerClassicContextMenu...
[BACONA-05][2025-04-07][14:14:03] Repository check complete.
[BACONA-05][2025-04-07][14:14:25] Checking all repositories...
[BACONA-05][2025-04-07][14:14:25] Checking AHK.Standard.Lib...
[BACONA-05][2025-04-07][14:14:26] Checking AHK.User.Lib...
[BACONA-05][2025-04-07][14:14:28] Checking Personal...
[BACONA-05][2025-04-07][14:14:29] Checking AHK.ObjectTypeExtensions...
[BACONA-05][2025-04-07][14:14:30] Checking AHK.Projects.v2...
[BACONA-05][2025-04-07][14:14:34] Checking AHK.ExplorerClassicContextMenu...
[BACONA-05][2025-04-07][14:14:35] Repository check complete.
[BACONA-05][2025-04-07][14:15:59] Checking all repositories...
[BACONA-05][2025-04-07][14:15:59] Checking AHK.Standard.Lib...
[BACONA-05][2025-04-07][14:16:00] Checking AHK.User.Lib...
[BACONA-05][2025-04-07][14:16:01] Checking Personal...
[BACONA-05][2025-04-07][14:16:02] Checking AHK.ObjectTypeExtensions...
[BACONA-05][2025-04-07][14:16:03] Checking AHK.Projects.v2...
[BACONA-05][2025-04-07][14:16:05] Checking AHK.ExplorerClassicContextMenu...
[BACONA-05][2025-04-07][14:16:05] Repository check complete.
[BACONA-05][2025-04-07][14:18:54] Checking all repositories...
[BACONA-05][2025-04-07][14:18:54] Checking AHK.Standard.Lib...
[BACONA-05][2025-04-07][14:18:54] Checking AHK.User.Lib...
[BACONA-05][2025-04-07][14:18:55] Checking Personal...
[BACONA-05][2025-04-07][14:18:56] Checking AHK.ObjectTypeExtensions...
[BACONA-05][2025-04-07][14:18:56] Checking AHK.Projects.v2...
[BACONA-05][2025-04-07][14:18:58] Checking AHK.ExplorerClassicContextMenu...
[BACONA-05][2025-04-07][14:18:58] Repository check complete.
[BACONA-05][2025-04-07][15:09:32] Checking all repositories...
[BACONA-05][2025-04-07][15:09:32] Checking AHK.Standard.Lib...
[BACONA-05][2025-04-07][15:10:49] Checking all repositories...
[BACONA-05][2025-04-07][15:10:49] Checking AHK.Standard.Lib...
[BACONA-05][2025-04-07][15:10:50] Checking AHK.User.Lib...
[BACONA-05][2025-04-07][15:10:53] Checking Personal...
[BACONA-05][2025-04-07][15:10:54] Checking AHK.ObjectTypeExtensions...
[BACONA-05][2025-04-07][15:10:55] Checking AHK.Projects.v2...
[BACONA-05][2025-04-07][15:10:58] Checking AHK.ExplorerClassicContextMenu...
[BACONA-05][2025-04-07][15:10:59] Repository check complete.
[BACONA-05][2025-04-07][15:11:16] Checking all repositories...
[BACONA-05][2025-04-07][15:11:16] Checking AHK.Standard.Lib...
[BACONA-05][2025-04-07][15:11:17] Checking AHK.User.Lib...
[BACONA-05][2025-04-07][15:11:19] Checking Personal...
[BACONA-05][2025-04-07][15:11:21] Checking AHK.ObjectTypeExtensions...
[BACONA-05][2025-04-07][15:11:22] Checking AHK.Projects.v2...
[BACONA-05][2025-04-07][15:11:24] Checking AHK.ExplorerClassicContextMenu...
[BACONA-05][2025-04-07][15:11:25] Repository check complete.
[BACONA-05][2025-04-07][15:14:48] Checking all repositories...
[BACONA-05][2025-04-07][15:14:48] Checking AHK.Standard.Lib...
[BACONA-05][2025-04-07][15:14:49] Checking AHK.User.Lib...
[BACONA-05][2025-04-07][15:14:50] Checking Personal...
[BACONA-05][2025-04-07][15:14:51] Checking AHK.ObjectTypeExtensions...
[BACONA-05][2025-04-07][15:14:51] Checking AHK.Projects.v2...
[BACONA-05][2025-04-07][15:14:53] Checking AHK.ExplorerClassicContextMenu...
[BACONA-05][2025-04-07][15:14:54] Repository check complete.
[BACONA-05][2025-04-07][15:20:00] Checking all repositories...
[BACONA-05][2025-04-07][15:20:00] Checking AHK.Standard.Lib...
[BACONA-05][2025-04-07][15:20:02] Checking AHK.User.Lib...
[BACONA-05][2025-04-07][15:20:03] Checking Personal...
[BACONA-05][2025-04-07][15:20:04] Checking AHK.ObjectTypeExtensions...
[BACONA-05][2025-04-07][15:20:05] Checking AHK.Projects.v2...
[BACONA-05][2025-04-07][15:20:08] Checking AHK.ExplorerClassicContextMenu...
[BACONA-05][2025-04-07][15:20:09] Repository check complete.
[BACONA-05][2025-04-07][15:20:44] Checking all repositories...
[BACONA-05][2025-04-07][15:20:44] Checking AHK.Standard.Lib...
[BACONA-05][2025-04-07][15:20:45] Checking AHK.User.Lib...
[BACONA-05][2025-04-07][15:20:47] Checking Personal...
[BACONA-05][2025-04-07][15:20:48] Checking AHK.ObjectTypeExtensions...
[BACONA-05][2025-04-07][15:20:49] Checking AHK.Projects.v2...
[BACONA-05][2025-04-07][15:20:51] Checking AHK.ExplorerClassicContextMenu...
[BACONA-05][2025-04-07][15:20:52] Repository check complete.
[BACONA-05][2025-04-07][15:21:49] Checking all repositories...
[BACONA-05][2025-04-07][15:21:49] Checking AHK.Standard.Lib...
[BACONA-05][2025-04-07][15:21:50] Checking AHK.User.Lib...
[BACONA-05][2025-04-07][15:21:52] Checking Personal...
[BACONA-05][2025-04-07][15:21:54] Checking AHK.ObjectTypeExtensions...
[BACONA-05][2025-04-07][15:21:55] Checking AHK.Projects.v2...
[BACONA-05][2025-04-07][15:21:59] Checking AHK.ExplorerClassicContextMenu...
[BACONA-05][2025-04-07][15:22:00] Repository check complete.
[BACONA-05][2025-04-07][15:25:42] Checking all repositories...
[BACONA-05][2025-04-07][15:25:42] Checking AHK.Standard.Lib...
[BACONA-05][2025-04-07][15:25:43] Checking AHK.User.Lib...
[BACONA-05][2025-04-07][15:25:44] Checking Personal...
[BACONA-05][2025-04-07][15:25:45] Checking AHK.ObjectTypeExtensions...
[BACONA-05][2025-04-07][15:25:45] Checking AHK.Projects.v2...
[BACONA-05][2025-04-07][15:25:47] Checking AHK.ExplorerClassicContextMenu...
[BACONA-05][2025-04-07][15:25:48] Repository check complete.
[BACONA-05][2025-04-07][15:29:25] Checking all repositories...
[BACONA-05][2025-04-07][15:29:25] Checking AHK.Standard.Lib...
[BACONA-05][2025-04-07][15:29:26] Checking AHK.User.Lib...
[BACONA-05][2025-04-07][15:29:28] Checking Personal...
[BACONA-05][2025-04-07][15:29:28] Checking AHK.ObjectTypeExtensions...
[BACONA-05][2025-04-07][15:29:29] Checking AHK.Projects.v2...
[BACONA-05][2025-04-07][15:29:31] Checking AHK.ExplorerClassicContextMenu...
[BACONA-05][2025-04-07][15:29:32] Repository check complete.
[BACONA-05][2025-04-07][15:30:42] Checking all repositories...
[BACONA-05][2025-04-07][15:30:42] Checking AHK.Standard.Lib...
[BACONA-05][2025-04-07][15:30:43] Checking AHK.User.Lib...
[BACONA-05][2025-04-07][15:30:44] Checking Personal...
[BACONA-05][2025-04-07][15:30:45] Checking AHK.ObjectTypeExtensions...
[BACONA-05][2025-04-07][15:30:46] Checking AHK.Projects.v2...
[BACONA-05][2025-04-07][15:30:47] Checking AHK.ExplorerClassicContextMenu...
[BACONA-05][2025-04-07][15:30:48] Repository check complete.
[BACONA-05][2025-04-07][15:31:24] Checking all repositories...
[BACONA-05][2025-04-07][15:31:24] Checking AHK.Standard.Lib...
[BACONA-05][2025-04-07][15:31:25] Checking AHK.User.Lib...
[BACONA-05][2025-04-07][15:31:26] Checking Personal...
[BACONA-05][2025-04-07][15:31:27] Checking AHK.ObjectTypeExtensions...
[BACONA-05][2025-04-07][15:31:27] Checking AHK.Projects.v2...
[BACONA-05][2025-04-07][15:31:29] Checking AHK.ExplorerClassicContextMenu...
[BACONA-05][2025-04-07][15:31:30] Repository check complete.
[BACONA-05][2025-04-07][15:32:39] Checking all repositories...
[BACONA-05][2025-04-07][15:32:39] Checking AHK.Standard.Lib...
[BACONA-05][2025-04-07][15:32:40] Checking AHK.User.Lib...
[BACONA-05][2025-04-07][15:32:41] Checking Personal...
[BACONA-05][2025-04-07][15:32:42] Checking AHK.ObjectTypeExtensions...
[BACONA-05][2025-04-07][15:32:43] Checking AHK.Projects.v2...
[BACONA-05][2025-04-07][15:32:44] Checking AHK.ExplorerClassicContextMenu...
[BACONA-05][2025-04-07][15:32:45] Repository check complete.
[BACONA-05][2025-04-07][15:34:40] Checking all repositories...
[BACONA-05][2025-04-07][15:34:40] Checking AHK.Standard.Lib...
[BACONA-05][2025-04-07][15:34:40] Checking AHK.User.Lib...
[BACONA-05][2025-04-07][15:34:41] Checking Personal...
[BACONA-05][2025-04-07][15:34:42] Checking AHK.ObjectTypeExtensions...
[BACONA-05][2025-04-07][15:34:42] Checking AHK.Projects.v2...
[BACONA-05][2025-04-07][15:34:43] Checking AHK.ExplorerClassicContextMenu...
[BACONA-05][2025-04-07][15:34:44] Repository check complete.
[BACONA-05][2025-04-07][15:37:58] Checking all repositories...
[BACONA-05][2025-04-07][15:37:58] Checking AHK.Standard.Lib...
[BACONA-05][2025-04-07][15:38:01] Checking all repositories...
[BACONA-05][2025-04-07][15:38:01] Checking AHK.Standard.Lib...
[BACONA-05][2025-04-07][15:38:02] Checking AHK.User.Lib...
[BACONA-05][2025-04-07][15:38:03] Checking Personal...
[BACONA-05][2025-04-07][15:38:04] Checking AHK.ObjectTypeExtensions...
[BACONA-05][2025-04-07][15:38:04] Checking AHK.Projects.v2...
[BACONA-05][2025-04-07][15:38:06] Checking AHK.ExplorerClassicContextMenu...
[BACONA-05][2025-04-07][15:38:07] Repository check complete.
[BACONA-05][2025-04-07][15:39:06] Checking all repositories...
[BACONA-05][2025-04-07][15:39:06] Checking AHK.Standard.Lib...
[BACONA-05][2025-04-07][15:39:07] Checking AHK.User.Lib...
[BACONA-05][2025-04-07][15:39:08] Checking Personal...
[BACONA-05][2025-04-07][15:39:09] Checking AHK.ObjectTypeExtensions...
[BACONA-05][2025-04-07][15:39:09] Checking AHK.Projects.v2...
[BACONA-05][2025-04-07][15:39:10] Checking AHK.ExplorerClassicContextMenu...
[BACONA-05][2025-04-07][15:39:11] Repository check complete.
